afPuzzle 2

J'ai change l'interface du menu pour plus de convivialite (font / background...)

1- Ajout d'une commande Screenshot pour pouvoir partager ces exploits !
	(les captures se trouveront dans le dossier screenshots)
   Il suffit juste d'appuyer sur le bouton [S]
	
2- Possibilite de cacher/montrer le menu avec le bouton [M] pour analyser l'image
	avant de jouer par exemple car le menu cache pas mal de truc meme si c'est transparent.
	Comme dhab pour jouer il suffit de cliquer

2.5- 
	* On peut naviguer de gauche a droite dans l'ordre les images scannees
	 (meme si on a fait le choix 'image aleatoire' cela ne perturbe pas cette fonctionnalite)
	* Bien sur on peut juste passer a l'image suivante avec Espace ou Tab comme dhab 

3- Ajout d'un effet pixelise pour avoir le temps de zapper une image ecchi
   dans le cas ou une personne nous regarde. 
   (j'ai code l'effet dans un Shader d'OpenGL donc ca va consommer que dalle en ressource)
   
2- On peut ajouter/supprimer des photos peut importe le nom et la dimension sous la condition
que l'extension soit ".af" comme dans "ma_photo.af"
(il serait logique de mettre des images plus ou moins carrees car une remise a l'echelle 600x600 aura lieu
dans le coeur du programme).
	le programme va scanner le dossier "puzzle_afmika_data/art" pour les images

4- Gameplay
Ajout de divers modes pour booster le score et aussi pour plus de fun :
* Mode Flashlight ou [FL] comme dans Osu! (ma pref)
* Mode Hidden ou [HD] (ultra hardcore! vraiment essayez 5 x 5 avec ca ?!! mdr...)
* Trou au hasard ou [RH](deja existant dans la version precedente j'ai juste change la commande)

4- Sur les points de performances / Score
* Chaque mode booste le multiplicateur de point de performance
* Le temps de resolution a ete pris en compte dans le calcul du Score 
	(l'ancienne version n'en prennait pas compte)